#
# A fatal error has been detected by the Java Runtime Environment:
#
#  EXCEPTION_ACCESS_VIOLATION (0xc0000005) at pc=0x0000000000000000, pid=15904, tid=2972
#
# JRE version:  (15.0.1+9) (build )
# Java VM: OpenJDK 64-Bit Server VM (15.0.1+9, mixed mode, tiered, compressed oops, g1 gc, windows-amd64)
# Problematic frame:
# C  0x0000000000000000
#
# No core dump will be written. Minidumps are not enabled by default on client versions of Windows
#
#

---------------  S U M M A R Y ------------

Command Line: --add-opens=javafx.fxml/javafx.fxml=ALL-UNNAMED --module-path=C:\Program Files\SceneBuilder\app\mods com.oracle.javafx.scenebuilder.app.SceneBuilderApp C:\Users\yotfi\Downloads\projetJAVA\projetJAVA\src\carRent\MenuPrincipal.fxml

Host: Intel(R) Core(TM) i5-8300H CPU @ 2.30GHz, 8 cores, 23G,  Windows 10 , 64 bit Build 19041 (10.0.19041.804)
Time: Tue Mar 30 15:00:25 2021 Afr. centrale Ouest elapsed time: 0.030453 seconds (0d 0h 0m 0s)

---------------  T H R E A D  ---------------

Current thread (0x000001aa627215f0):  JavaThread "Unknown thread" [_thread_in_vm, id=2972, stack(0x00000083acb00000,0x00000083acc00000)]

Stack: [0x00000083acb00000,0x00000083acc00000],  sp=0x00000083acbfedb8,  free space=1019k
Native frames: (J=compiled Java code, j=interpreted, Vv=VM code, C=native code)


siginfo: EXCEPTION_ACCESS_VIOLATION (0xc0000005), data execution prevention violation at address 0x0000000000000000


Registers:
RAX=0x000001aa62e2fe08, RBX=0x000001aa7eda1810, RCX=0x000001aa62e2fe08, RDX=0x000000000000034b
RSP=0x00000083acbfedb8, RBP=0x00000083acbfeed0, RSI=0x000001aa62e2fdeb, RDI=0x000001aa62e2fdeb
R8 =0x000001aa7eda1810, R9 =0x00000000000005ce, R10=0x00000083acbfee30, R11=0x0021041fc0002800
R12=0x00000000000005ce, R13=0x000001aa62720ed0, R14=0x000001aa62722b40, R15=0x000001aa62722b40
RIP=0x0000000000000000, EFLAGS=0x0000000000010246

Top of Stack: (sp=0x00000083acbfedb8)
0x00000083acbfedb8:   00007fffc8921833 000001aa7eda1810
0x00000083acbfedc8:   00007fffc8921877 00000000000005ce
0x00000083acbfedd8:   0000000000000000 00000083acbfee18
0x00000083acbfede8:   0000000000000000 000001aa62e2fdeb
0x00000083acbfedf8:   00007fffc8921495 000001aa7eda1810
0x00000083acbfee08:   00000083acbfeed0 000001aa62e2fdeb
0x00000083acbfee18:   0000000000000000 00000083acbfeed0
0x00000083acbfee28:   00007fff867ef74a 00000083cafefafa
0x00000083acbfee38:   000000000000034b 00000000000005ce
0x00000083acbfee48:   ffffffff00000007 0000000086183d01
0x00000083acbfee58:   0000887a213d8b6c 00000000000005ce
0x00000083acbfee68:   000001aa62722b40 000001aa62721ac0
0x00000083acbfee78:   000001aa605754a0 0000000000525f03
0x00000083acbfee88:   0000000000000368 000001aa62e2fdeb
0x00000083acbfee98:   00007fffc8921ed7 000001aa7e17c560
0x00000083acbfeea8:   0000000000000016 0000000000000001 

Instructions: (pc=0x0000000000000000)
0xffffffffffffff00:   



---------------  P R O C E S S  ---------------

Threads class SMR info:
_java_thread_list=0x00007fff86bcfa50, length=0, elements={
}

Java Threads: ( => current thread )

Other Threads:
  0x000001aa6277e1d0 GCTaskThread "GC Thread#0" [stack: 0x00000083acc00000,0x00000083acd00000] [id=5704]
  0x000001aa6278ba00 ConcurrentGCThread "G1 Main Marker" [stack: 0x00000083acd00000,0x00000083ace00000] [id=10944]
  0x000001aa6278c5f0 ConcurrentGCThread "G1 Conc#0" [stack: 0x00000083ace00000,0x00000083acf00000] [id=5792]
  0x000001aa7e095c10 ConcurrentGCThread "G1 Refine#0" [stack: 0x00000083acf00000,0x00000083ad000000] [id=15148]
  0x000001aa7e096620 ConcurrentGCThread "G1 Young RemSet Sampling" [stack: 0x00000083ad000000,0x00000083ad100000] [id=12144]

=>0x000001aa627215f0 (exited) JavaThread "Unknown thread" [_thread_in_vm, id=2972, stack(0x00000083acb00000,0x00000083acc00000)]

Threads with active compile tasks:

VM state: not at safepoint (not fully initialized)

VM Mutex/Monitor currently owned by a thread: None

Heap address: 0x0000000681800000, size: 6120 MB, Compressed Oops mode: Zero based, Oop shift amount: 3
CDS disabled.
Compressed class space mapped at: 0x0000000800000000-0x0000000840000000, size: 1073741824
Narrow klass base: 0x0000000800000000, Narrow klass shift: 0, Narrow klass range: 0x40000000

GC Precious Log:
 CPUs: 8 total, 8 available
 Memory: 24465M
 Large Page Support: Disabled
 NUMA Support: Disabled
 Compressed Oops: Enabled (Zero based)
 Heap Region Size: 4M
 Heap Min Capacity: 8M
 Heap Initial Capacity: 384M
 Heap Max Capacity: 6120M
 Pre-touch: Disabled
 Parallel Workers: 8
 Concurrent Workers: 2
 Concurrent Refinement Workers: 8
 Periodic GC: Disabled

Heap:
 garbage-first heap   total 393216K, used 0K [0x0000000681800000, 0x0000000800000000)
  region size 4096K, 1 young (4096K), 0 survivors (0K)
 Metaspace       used 4K, capacity 4480K, committed 4480K, reserved 1056768K
  class space    used 3K, capacity 384K, committed 384K, reserved 1048576K

Heap Regions: E=young(eden), S=young(survivor), O=old, HS=humongous(starts), HC=humongous(continues), CS=collection set, F=free, OA=open archive, CA=closed archive, TAMS=top-at-mark-start (previous, next)
|   0|0x0000000681800000, 0x0000000681800000, 0x0000000681c00000|  0%| F|  |TAMS 0x0000000681800000, 0x0000000681800000| Untracked 
|   1|0x0000000681c00000, 0x0000000681c00000, 0x0000000682000000|  0%| F|  |TAMS 0x0000000681c00000, 0x0000000681c00000| Untracked 
|   2|0x0000000682000000, 0x0000000682000000, 0x0000000682400000|  0%| F|  |TAMS 0x0000000682000000, 0x0000000682000000| Untracked 
|   3|0x0000000682400000, 0x0000000682400000, 0x0000000682800000|  0%| F|  |TAMS 0x0000000682400000, 0x0000000682400000| Untracked 
|   4|0x0000000682800000, 0x0000000682800000, 0x0000000682c00000|  0%| F|  |TAMS 0x0000000682800000, 0x0000000682800000| Untracked 
|   5|0x0000000682c00000, 0x0000000682c00000, 0x0000000683000000|  0%| F|  |TAMS 0x0000000682c00000, 0x0000000682c00000| Untracked 
|   6|0x0000000683000000, 0x0000000683000000, 0x0000000683400000|  0%| F|  |TAMS 0x0000000683000000, 0x0000000683000000| Untracked 
|   7|0x0000000683400000, 0x0000000683400000, 0x0000000683800000|  0%| F|  |TAMS 0x0000000683400000, 0x0000000683400000| Untracked 
|   8|0x0000000683800000, 0x0000000683800000, 0x0000000683c00000|  0%| F|  |TAMS 0x0000000683800000, 0x0000000683800000| Untracked 
|   9|0x0000000683c00000, 0x0000000683c00000, 0x0000000684000000|  0%| F|  |TAMS 0x0000000683c00000, 0x0000000683c00000| Untracked 
|  10|0x0000000684000000, 0x0000000684000000, 0x0000000684400000|  0%| F|  |TAMS 0x0000000684000000, 0x0000000684000000| Untracked 
|  11|0x0000000684400000, 0x0000000684400000, 0x0000000684800000|  0%| F|  |TAMS 0x0000000684400000, 0x0000000684400000| Untracked 
|  12|0x0000000684800000, 0x0000000684800000, 0x0000000684c00000|  0%| F|  |TAMS 0x0000000684800000, 0x0000000684800000| Untracked 
|  13|0x0000000684c00000, 0x0000000684c00000, 0x0000000685000000|  0%| F|  |TAMS 0x0000000684c00000, 0x0000000684c00000| Untracked 
|  14|0x0000000685000000, 0x0000000685000000, 0x0000000685400000|  0%| F|  |TAMS 0x0000000685000000, 0x0000000685000000| Untracked 
|  15|0x0000000685400000, 0x0000000685400000, 0x0000000685800000|  0%| F|  |TAMS 0x0000000685400000, 0x0000000685400000| Untracked 
|  16|0x0000000685800000, 0x0000000685800000, 0x0000000685c00000|  0%| F|  |TAMS 0x0000000685800000, 0x0000000685800000| Untracked 
|  17|0x0000000685c00000, 0x0000000685c00000, 0x0000000686000000|  0%| F|  |TAMS 0x0000000685c00000, 0x0000000685c00000| Untracked 
|  18|0x0000000686000000, 0x0000000686000000, 0x0000000686400000|  0%| F|  |TAMS 0x0000000686000000, 0x0000000686000000| Untracked 
|  19|0x0000000686400000, 0x0000000686400000, 0x0000000686800000|  0%| F|  |TAMS 0x0000000686400000, 0x0000000686400000| Untracked 
|  20|0x0000000686800000, 0x0000000686800000, 0x0000000686c00000|  0%| F|  |TAMS 0x0000000686800000, 0x0000000686800000| Untracked 
|  21|0x0000000686c00000, 0x0000000686c00000, 0x0000000687000000|  0%| F|  |TAMS 0x0000000686c00000, 0x0000000686c00000| Untracked 
|  22|0x0000000687000000, 0x0000000687000000, 0x0000000687400000|  0%| F|  |TAMS 0x0000000687000000, 0x0000000687000000| Untracked 
|  23|0x0000000687400000, 0x0000000687400000, 0x0000000687800000|  0%| F|  |TAMS 0x0000000687400000, 0x0000000687400000| Untracked 
|  24|0x0000000687800000, 0x0000000687800000, 0x0000000687c00000|  0%| F|  |TAMS 0x0000000687800000, 0x0000000687800000| Untracked 
|  25|0x0000000687c00000, 0x0000000687c00000, 0x0000000688000000|  0%| F|  |TAMS 0x0000000687c00000, 0x0000000687c00000| Untracked 
|  26|0x0000000688000000, 0x0000000688000000, 0x0000000688400000|  0%| F|  |TAMS 0x0000000688000000, 0x0000000688000000| Untracked 
|  27|0x0000000688400000, 0x0000000688400000, 0x0000000688800000|  0%| F|  |TAMS 0x0000000688400000, 0x0000000688400000| Untracked 
|  28|0x0000000688800000, 0x0000000688800000, 0x0000000688c00000|  0%| F|  |TAMS 0x0000000688800000, 0x0000000688800000| Untracked 
|  29|0x0000000688c00000, 0x0000000688c00000, 0x0000000689000000|  0%| F|  |TAMS 0x0000000688c00000, 0x0000000688c00000| Untracked 
|  30|0x0000000689000000, 0x0000000689000000, 0x0000000689400000|  0%| F|  |TAMS 0x0000000689000000, 0x0000000689000000| Untracked 
|  31|0x0000000689400000, 0x0000000689400000, 0x0000000689800000|  0%| F|  |TAMS 0x0000000689400000, 0x0000000689400000| Untracked 
|  32|0x0000000689800000, 0x0000000689800000, 0x0000000689c00000|  0%| F|  |TAMS 0x0000000689800000, 0x0000000689800000| Untracked 
|  33|0x0000000689c00000, 0x0000000689c00000, 0x000000068a000000|  0%| F|  |TAMS 0x0000000689c00000, 0x0000000689c00000| Untracked 
|  34|0x000000068a000000, 0x000000068a000000, 0x000000068a400000|  0%| F|  |TAMS 0x000000068a000000, 0x000000068a000000| Untracked 
|  35|0x000000068a400000, 0x000000068a400000, 0x000000068a800000|  0%| F|  |TAMS 0x000000068a400000, 0x000000068a400000| Untracked 
|  36|0x000000068a800000, 0x000000068a800000, 0x000000068ac00000|  0%| F|  |TAMS 0x000000068a800000, 0x000000068a800000| Untracked 
|  37|0x000000068ac00000, 0x000000068ac00000, 0x000000068b000000|  0%| F|  |TAMS 0x000000068ac00000, 0x000000068ac00000| Untracked 
|  38|0x000000068b000000, 0x000000068b000000, 0x000000068b400000|  0%| F|  |TAMS 0x000000068b000000, 0x000000068b000000| Untracked 
|  39|0x000000068b400000, 0x000000068b400000, 0x000000068b800000|  0%| F|  |TAMS 0x000000068b400000, 0x000000068b400000| Untracked 
|  40|0x000000068b800000, 0x000000068b800000, 0x000000068bc00000|  0%| F|  |TAMS 0x000000068b800000, 0x000000068b800000| Untracked 
|  41|0x000000068bc00000, 0x000000068bc00000, 0x000000068c000000|  0%| F|  |TAMS 0x000000068bc00000, 0x000000068bc00000| Untracked 
|  42|0x000000068c000000, 0x000000068c000000, 0x000000068c400000|  0%| F|  |TAMS 0x000000068c000000, 0x000000068c000000| Untracked 
|  43|0x000000068c400000, 0x000000068c400000, 0x000000068c800000|  0%| F|  |TAMS 0x000000068c400000, 0x000000068c400000| Untracked 
|  44|0x000000068c800000, 0x000000068c800000, 0x000000068cc00000|  0%| F|  |TAMS 0x000000068c800000, 0x000000068c800000| Untracked 
|  45|0x000000068cc00000, 0x000000068cc00000, 0x000000068d000000|  0%| F|  |TAMS 0x000000068cc00000, 0x000000068cc00000| Untracked 
|  46|0x000000068d000000, 0x000000068d000000, 0x000000068d400000|  0%| F|  |TAMS 0x000000068d000000, 0x000000068d000000| Untracked 
|  47|0x000000068d400000, 0x000000068d400000, 0x000000068d800000|  0%| F|  |TAMS 0x000000068d400000, 0x000000068d400000| Untracked 
|  48|0x000000068d800000, 0x000000068d800000, 0x000000068dc00000|  0%| F|  |TAMS 0x000000068d800000, 0x000000068d800000| Untracked 
|  49|0x000000068dc00000, 0x000000068dc00000, 0x000000068e000000|  0%| F|  |TAMS 0x000000068dc00000, 0x000000068dc00000| Untracked 
|  50|0x000000068e000000, 0x000000068e000000, 0x000000068e400000|  0%| F|  |TAMS 0x000000068e000000, 0x000000068e000000| Untracked 
|  51|0x000000068e400000, 0x000000068e400000, 0x000000068e800000|  0%| F|  |TAMS 0x000000068e400000, 0x000000068e400000| Untracked 
|  52|0x000000068e800000, 0x000000068e800000, 0x000000068ec00000|  0%| F|  |TAMS 0x000000068e800000, 0x000000068e800000| Untracked 
|  53|0x000000068ec00000, 0x000000068ec00000, 0x000000068f000000|  0%| F|  |TAMS 0x000000068ec00000, 0x000000068ec00000| Untracked 
|  54|0x000000068f000000, 0x000000068f000000, 0x000000068f400000|  0%| F|  |TAMS 0x000000068f000000, 0x000000068f000000| Untracked 
|  55|0x000000068f400000, 0x000000068f400000, 0x000000068f800000|  0%| F|  |TAMS 0x000000068f400000, 0x000000068f400000| Untracked 
|  56|0x000000068f800000, 0x000000068f800000, 0x000000068fc00000|  0%| F|  |TAMS 0x000000068f800000, 0x000000068f800000| Untracked 
|  57|0x000000068fc00000, 0x000000068fc00000, 0x0000000690000000|  0%| F|  |TAMS 0x000000068fc00000, 0x000000068fc00000| Untracked 
|  58|0x0000000690000000, 0x0000000690000000, 0x0000000690400000|  0%| F|  |TAMS 0x0000000690000000, 0x0000000690000000| Untracked 
|  59|0x0000000690400000, 0x0000000690400000, 0x0000000690800000|  0%| F|  |TAMS 0x0000000690400000, 0x0000000690400000| Untracked 
|  60|0x0000000690800000, 0x0000000690800000, 0x0000000690c00000|  0%| F|  |TAMS 0x0000000690800000, 0x0000000690800000| Untracked 
|  61|0x0000000690c00000, 0x0000000690c00000, 0x0000000691000000|  0%| F|  |TAMS 0x0000000690c00000, 0x0000000690c00000| Untracked 
|  62|0x0000000691000000, 0x0000000691000000, 0x0000000691400000|  0%| F|  |TAMS 0x0000000691000000, 0x0000000691000000| Untracked 
|  63|0x0000000691400000, 0x0000000691400000, 0x0000000691800000|  0%| F|  |TAMS 0x0000000691400000, 0x0000000691400000| Untracked 
|  64|0x0000000691800000, 0x0000000691800000, 0x0000000691c00000|  0%| F|  |TAMS 0x0000000691800000, 0x0000000691800000| Untracked 
|  65|0x0000000691c00000, 0x0000000691c00000, 0x0000000692000000|  0%| F|  |TAMS 0x0000000691c00000, 0x0000000691c00000| Untracked 
|  66|0x0000000692000000, 0x0000000692000000, 0x0000000692400000|  0%| F|  |TAMS 0x0000000692000000, 0x0000000692000000| Untracked 
|  67|0x0000000692400000, 0x0000000692400000, 0x0000000692800000|  0%| F|  |TAMS 0x0000000692400000, 0x0000000692400000| Untracked 
|  68|0x0000000692800000, 0x0000000692800000, 0x0000000692c00000|  0%| F|  |TAMS 0x0000000692800000, 0x0000000692800000| Untracked 
|  69|0x0000000692c00000, 0x0000000692c00000, 0x0000000693000000|  0%| F|  |TAMS 0x0000000692c00000, 0x0000000692c00000| Untracked 
|  70|0x0000000693000000, 0x0000000693000000, 0x0000000693400000|  0%| F|  |TAMS 0x0000000693000000, 0x0000000693000000| Untracked 
|  71|0x0000000693400000, 0x0000000693400000, 0x0000000693800000|  0%| F|  |TAMS 0x0000000693400000, 0x0000000693400000| Untracked 
|  72|0x0000000693800000, 0x0000000693800000, 0x0000000693c00000|  0%| F|  |TAMS 0x0000000693800000, 0x0000000693800000| Untracked 
|  73|0x0000000693c00000, 0x0000000693c00000, 0x0000000694000000|  0%| F|  |TAMS 0x0000000693c00000, 0x0000000693c00000| Untracked 
|  74|0x0000000694000000, 0x0000000694000000, 0x0000000694400000|  0%| F|  |TAMS 0x0000000694000000, 0x0000000694000000| Untracked 
|  75|0x0000000694400000, 0x0000000694400000, 0x0000000694800000|  0%| F|  |TAMS 0x0000000694400000, 0x0000000694400000| Untracked 
|  76|0x0000000694800000, 0x0000000694800000, 0x0000000694c00000|  0%| F|  |TAMS 0x0000000694800000, 0x0000000694800000| Untracked 
|  77|0x0000000694c00000, 0x0000000694c00000, 0x0000000695000000|  0%| F|  |TAMS 0x0000000694c00000, 0x0000000694c00000| Untracked 
|  78|0x0000000695000000, 0x0000000695000000, 0x0000000695400000|  0%| F|  |TAMS 0x0000000695000000, 0x0000000695000000| Untracked 
|  79|0x0000000695400000, 0x0000000695400000, 0x0000000695800000|  0%| F|  |TAMS 0x0000000695400000, 0x0000000695400000| Untracked 
|  80|0x0000000695800000, 0x0000000695800000, 0x0000000695c00000|  0%| F|  |TAMS 0x0000000695800000, 0x0000000695800000| Untracked 
|  81|0x0000000695c00000, 0x0000000695c00000, 0x0000000696000000|  0%| F|  |TAMS 0x0000000695c00000, 0x0000000695c00000| Untracked 
|  82|0x0000000696000000, 0x0000000696000000, 0x0000000696400000|  0%| F|  |TAMS 0x0000000696000000, 0x0000000696000000| Untracked 
|  83|0x0000000696400000, 0x0000000696400000, 0x0000000696800000|  0%| F|  |TAMS 0x0000000696400000, 0x0000000696400000| Untracked 
|  84|0x0000000696800000, 0x0000000696800000, 0x0000000696c00000|  0%| F|  |TAMS 0x0000000696800000, 0x0000000696800000| Untracked 
|  85|0x0000000696c00000, 0x0000000696c00000, 0x0000000697000000|  0%| F|  |TAMS 0x0000000696c00000, 0x0000000696c00000| Untracked 
|  86|0x0000000697000000, 0x0000000697000000, 0x0000000697400000|  0%| F|  |TAMS 0x0000000697000000, 0x0000000697000000| Untracked 
|  87|0x0000000697400000, 0x0000000697400000, 0x0000000697800000|  0%| F|  |TAMS 0x0000000697400000, 0x0000000697400000| Untracked 
|  88|0x0000000697800000, 0x0000000697800000, 0x0000000697c00000|  0%| F|  |TAMS 0x0000000697800000, 0x0000000697800000| Untracked 
|  89|0x0000000697c00000, 0x0000000697c00000, 0x0000000698000000|  0%| F|  |TAMS 0x0000000697c00000, 0x0000000697c00000| Untracked 
|  90|0x0000000698000000, 0x0000000698000000, 0x0000000698400000|  0%| F|  |TAMS 0x0000000698000000, 0x0000000698000000| Untracked 
|  91|0x0000000698400000, 0x0000000698400000, 0x0000000698800000|  0%| F|  |TAMS 0x0000000698400000, 0x0000000698400000| Untracked 
|  92|0x0000000698800000, 0x0000000698800000, 0x0000000698c00000|  0%| F|  |TAMS 0x0000000698800000, 0x0000000698800000| Untracked 
|  93|0x0000000698c00000, 0x0000000698c00000, 0x0000000699000000|  0%| F|  |TAMS 0x0000000698c00000, 0x0000000698c00000| Untracked 
|  94|0x0000000699000000, 0x0000000699000000, 0x0000000699400000|  0%| F|  |TAMS 0x0000000699000000, 0x0000000699000000| Untracked 
|  95|0x0000000699400000, 0x0000000699466670, 0x0000000699800000| 10%| E|  |TAMS 0x0000000699400000, 0x0000000699400000| Complete 

Card table byte_map: [0x000001aa74300000,0x000001aa74f00000] _byte_map_base: 0x000001aa70ef4000

Marking Bits (Prev, Next): (CMBitMap*) 0x000001aa6277e9c0, (CMBitMap*) 0x000001aa6277ea00
 Prev Bits: [0x000001aa75b00000, 0x000001aa7baa0000)
 Next Bits: [0x000001aa00000000, 0x000001aa05fa0000)

GC Heap History (0 events):
No events

Deoptimization events (0 events):
No events

Classes unloaded (0 events):
No events

Classes redefined (0 events):
No events

Internal exceptions (0 events):
No events

Events (2 events):
Event: 0.005 Loaded shared library C:\Program Files\SceneBuilder\runtime\bin\java.dll
Event: 0.010 loading class java/lang/Object


Dynamic libraries:
0x00007ff6e4fd0000 - 0x00007ff6e507e000 	C:\Program Files\SceneBuilder\SceneBuilder.exe
0x00007fffe0570000 - 0x00007fffe0765000 	C:\WINDOWS\SYSTEM32\ntdll.dll
0x00007fffdfff0000 - 0x00007fffe00ad000 	C:\WINDOWS\System32\KERNEL32.DLL
0x00007fffde300000 - 0x00007fffde5c9000 	C:\WINDOWS\System32\KERNELBASE.dll
0x00007fffdf750000 - 0x00007fffdf8f0000 	C:\WINDOWS\System32\USER32.dll
0x00007fffddf40000 - 0x00007fffddf62000 	C:\WINDOWS\System32\win32u.dll
0x00007fffde5d0000 - 0x00007fffde5fa000 	C:\WINDOWS\System32\GDI32.dll
0x00007fffdde30000 - 0x00007fffddf3b000 	C:\WINDOWS\System32\gdi32full.dll
0x00007fffde150000 - 0x00007fffde1ed000 	C:\WINDOWS\System32\msvcp_win.dll
0x00007fffddd30000 - 0x00007fffdde30000 	C:\WINDOWS\System32\ucrtbase.dll
0x00007fffded40000 - 0x00007fffdf482000 	C:\WINDOWS\System32\SHELL32.dll
0x00007fffdf720000 - 0x00007fffdf750000 	C:\WINDOWS\System32\IMM32.DLL
0x00007fffdf950000 - 0x00007fffdf9fe000 	C:\WINDOWS\System32\shcore.dll
0x00007fffde720000 - 0x00007fffde7be000 	C:\WINDOWS\System32\msvcrt.dll
0x00007fffe01c0000 - 0x00007fffe0515000 	C:\WINDOWS\System32\combase.dll
0x00007fffdf5f0000 - 0x00007fffdf71b000 	C:\WINDOWS\System32\RPCRT4.dll
0x00007fffaeb00000 - 0x00007fffaeb18000 	C:\Program Files\SceneBuilder\runtime\bin\jli.dll
0x00007fffd7fe0000 - 0x00007fffd8090000 	C:\WINDOWS\WinSxS\amd64_microsoft.windows.common-controls_6595b64144ccf1df_5.82.19041.844_none_423537bff6b9828c\COMCTL32.dll
0x00007fffdec30000 - 0x00007fffdecdc000 	C:\WINDOWS\System32\ADVAPI32.dll
0x00007fffc9dc0000 - 0x00007fffc9dd7000 	C:\WINDOWS\SYSTEM32\VCRUNTIME140.dll
0x00007fffe00b0000 - 0x00007fffe014c000 	C:\WINDOWS\System32\sechost.dll
0x00007fffae460000 - 0x00007fffae475000 	C:\Program Files\SceneBuilder\runtime\bin\vcruntime140.dll
0x00007fff9d780000 - 0x00007fff9d81b000 	C:\Program Files\SceneBuilder\runtime\bin\msvcp140.dll
0x00007fff860e0000 - 0x00007fff86c6e000 	C:\Program Files\SceneBuilder\runtime\bin\server\jvm.dll
0x00007fffe0520000 - 0x00007fffe0528000 	C:\WINDOWS\System32\PSAPI.DLL
0x00007fffcef80000 - 0x00007fffcefa7000 	C:\WINDOWS\SYSTEM32\WINMM.dll
0x00007fffc9db0000 - 0x00007fffc9db9000 	C:\WINDOWS\SYSTEM32\WSOCK32.dll
0x00007fffd7ec0000 - 0x00007fffd7eca000 	C:\WINDOWS\SYSTEM32\VERSION.dll
0x00007fffe0150000 - 0x00007fffe01bb000 	C:\WINDOWS\System32\WS2_32.dll
0x00007fffdc5e0000 - 0x00007fffdc5f2000 	C:\WINDOWS\SYSTEM32\kernel.appcore.dll
0x00007fffc8920000 - 0x00007fffc892a000 	C:\Program Files\SceneBuilder\runtime\bin\jimage.dll
0x00007fffdbbe0000 - 0x00007fffdbdc4000 	C:\WINDOWS\SYSTEM32\DBGHELP.DLL
0x00007fffd5f40000 - 0x00007fffd5f6c000 	C:\WINDOWS\SYSTEM32\dbgcore.DLL
0x00007fffddcb0000 - 0x00007fffddd30000 	C:\WINDOWS\System32\bcryptPrimitives.dll
0x00007fffa71f0000 - 0x00007fffa7215000 	C:\Program Files\SceneBuilder\runtime\bin\java.dll

dbghelp: loaded successfully - version: 4.0.5 - missing functions: none
symbol engine: initialized successfully - sym options: 0x614 - pdb path: .;C:\Program Files\SceneBuilder;C:\WINDOWS\SYSTEM32;C:\Program Files\SceneBuilder\runtime\bin;C:\WINDOWS\WinSxS\amd64_microsoft.windows.common-controls_6595b64144ccf1df_5.82.19041.844_none_423537bff6b9828c;C:\Program Files\SceneBuilder\runtime\bin\server

VM Arguments:
jvm_args: --add-opens=javafx.fxml/javafx.fxml=ALL-UNNAMED --module-path=C:\Program Files\SceneBuilder\app\mods 
java_command: com.oracle.javafx.scenebuilder.app.SceneBuilderApp C:\Users\yotfi\Downloads\projetJAVA\projetJAVA\src\carRent\MenuPrincipal.fxml
java_class_path (initial): C:\Program Files\SceneBuilder\app\SceneBuilder-15.0.0-all.jar
Launcher Type: SUN_STANDARD

[Global flags]
     intx CICompilerCount                          = 4                                         {product} {ergonomic}
     uint ConcGCThreads                            = 2                                         {product} {ergonomic}
     uint G1ConcRefinementThreads                  = 8                                         {product} {ergonomic}
   size_t G1HeapRegionSize                         = 4194304                                   {product} {ergonomic}
    uintx GCDrainStackTargetSize                   = 64                                        {product} {ergonomic}
   size_t InitialHeapSize                          = 402653184                                 {product} {ergonomic}
   size_t MarkStackSize                            = 4194304                                   {product} {ergonomic}
   size_t MaxHeapSize                              = 6417285120                                {product} {ergonomic}
   size_t MaxNewSize                               = 3850371072                                {product} {ergonomic}
   size_t MinHeapDeltaBytes                        = 4194304                                   {product} {ergonomic}
   size_t MinHeapSize                              = 8388608                                   {product} {ergonomic}
    uintx NonNMethodCodeHeapSize                   = 5839372                                {pd product} {ergonomic}
    uintx NonProfiledCodeHeapSize                  = 122909434                              {pd product} {ergonomic}
    uintx ProfiledCodeHeapSize                     = 122909434                              {pd product} {ergonomic}
    uintx ReservedCodeCacheSize                    = 251658240                              {pd product} {ergonomic}
     bool SegmentedCodeCache                       = true                                      {product} {ergonomic}
   size_t SoftMaxHeapSize                          = 6417285120                             {manageable} {ergonomic}
     bool UseCompressedClassPointers               = true                                 {lp64_product} {ergonomic}
     bool UseCompressedOops                        = true                                 {lp64_product} {ergonomic}
     bool UseG1GC                                  = true                                      {product} {ergonomic}
     bool UseLargePagesIndividualAllocation        = false                                  {pd product} {ergonomic}

Logging:
Log output configuration:
 #0: stdout all=warning uptime,level,tags
 #1: stderr all=off uptime,level,tags

Environment Variables:
PATH=D:\vmware\bin\;C:\Program Files (x86)\Common Files\Oracle\Java\javapath;C:\oraclexe\app\oracle\product\11.2.0\server\bin;C:\Program Files (x86)\Common Files\Intel\Shared Libraries\redist\intel64\compiler;C:\Windows\system32;C:\Windows;C:\Windows\System32\Wbem;C:\Windows\System32\WindowsPowerShell\v1.0\;C:\Windows\System32\OpenSSH\;C:\Program Files\NVIDIA Corporation\NVIDIA NvDLISR;C:\MInGW\bin;C:\Program Files (x86)\NVIDIA Corporation\PhysX\Common;C:\Program Files\Git\cmd;C:\instantclient_12_2;C:\oraclexe\app\oracle\admin\XE;C:\oraclexe;D:\node.js\;C:\WINDOWS\system32;C:\WINDOWS;C:\WINDOWS\System32\Wbem;C:\WINDOWS\System32\WindowsPowerShell\v1.0\;C:\WINDOWS\System32\OpenSSH\;"C:\WINDOWS\system32;C:\WINDOWS;C:\Program Files\Java\jdk1.7.0\bin";D:\Symfony;D:\wamp64\bin\php\php7.1.9;C:\ProgramData\ComposerSetup\bin;D:\java\bin;C:\Users\yotfi\AppData\Local\Programs\Python\Python38-32\Scripts\;C:\Users\yotfi\AppData\Local\Programs\Python\Python38-32\;C:\Users\yotfi\AppData\Local\Microsoft\WindowsApps;C:\Users\yotfi\AppData\Local\atom\bin;C:\Users\yotfi\AppData\Local\GitHubDesktop\bin;;D:\Microsoft VS Code\bin;C:\Users\yotfi\AppData\Roaming\npm;C:\Users\yotfi\AppData\Local\Microsoft\WindowsApps;C:\Users\yotfi\AppData\Roaming\Composer\vendor\bin
USERNAME=yotfi
OS=Windows_NT
PROCESSOR_IDENTIFIER=Intel64 Family 6 Model 158 Stepping 10, GenuineIntel



---------------  S Y S T E M  ---------------

OS:
 Windows 10 , 64 bit Build 19041 (10.0.19041.804)
OS uptime: 5 days 3:19 hours

CPU: total 8 (initial active 8) (4 cores per cpu, 2 threads per core) family 6 model 158 stepping 10 microcode 0xde, cmov, cx8, fxsr, mmx, sse, sse2, sse3, ssse3, sse4.1, sse4.2, popcnt, vzeroupper, avx, avx2, aes, clmul, erms, 3dnowpref, lzcnt, ht, tsc, tscinvbit, bmi1, bmi2, adx, fma, clflush, clflushopt

Memory: 4k page, system-wide physical 24465M (16389M free)
TotalPageFile size 28049M (AvailPageFile size 15576M)
current process WorkingSet (physical memory assigned to process): 14M, peak: 14M
current process commit charge ("private bytes"): 466M, peak: 466M

vm_info: OpenJDK 64-Bit Server VM (15.0.1+9) for windows-amd64 JRE (15.0.1+9), built on Oct 23 2020 04:11:16 by "" with MS VC++ 15.9 (VS2017)

END.
